{"level":"info","message":"Express server listening on port 9100","timestamp":"2014-08-15T07:39:13.462Z"}
{"level":"info","message":"Express server listening on port 9100","timestamp":"2014-08-15T07:43:11.016Z"}
{"level":"info","message":"Express server listening on port 9100","timestamp":"2014-08-15T07:51:56.048Z"}
{"level":"info","message":"Express server listening on port 9100","timestamp":"2014-08-15T08:10:28.483Z"}
{"level":"info","message":"Express server listening on port 9100","timestamp":"2014-08-15T08:11:57.177Z"}
{"level":"info","message":"making api call to http://ws.audioscrobbler.com/2.0/?[object Object]","timestamp":"2014-08-15T08:11:59.186Z"}
{"level":"info","message":"Express server listening on port 9100","timestamp":"2014-08-15T08:12:31.435Z"}
{"level":"info","message":"Express server listening on port 9100","timestamp":"2014-08-15T08:13:10.461Z"}
{"level":"info","message":"making api call to lastfm","timestamp":"2014-08-15T08:13:10.499Z"}
{"level":"info","message":"making api call to lastfm","timestamp":"2014-08-15T08:17:26.255Z"}
{"level":"info","message":"making api call to lastfm","timestamp":"2014-08-15T08:17:39.823Z"}
{"level":"info","message":"Express server listening on port 9100","timestamp":"2014-08-15T08:18:11.918Z"}
{"level":"info","message":"making api call to lastfm","timestamp":"2014-08-15T08:18:13.010Z"}
{"level":"info","message":"making api call to lastfm","timestamp":"2014-08-15T08:18:42.509Z"}
{"level":"info","message":"Express server listening on port 9100","timestamp":"2014-08-15T08:18:49.550Z"}
{"level":"info","message":"making api call to lastfm","timestamp":"2014-08-15T08:18:50.215Z"}
{"level":"info","message":"making api call to lastfm","timestamp":"2014-08-15T08:20:16.557Z"}
{"level":"info","message":"Express server listening on port 9100","timestamp":"2014-08-15T08:20:28.830Z"}
{"level":"info","message":"making api call to lastfm","timestamp":"2014-08-15T08:20:31.298Z"}
{"level":"info","message":"Express server listening on port 9100","timestamp":"2014-08-15T08:25:54.346Z"}
{"level":"info","message":"making api call to lastfm","timestamp":"2014-08-15T08:25:56.934Z"}
{"level":"info","message":"Express server listening on port 9100","timestamp":"2014-08-15T08:26:56.511Z"}
{"level":"info","message":"making api call to lastfm","timestamp":"2014-08-15T08:26:58.958Z"}
{"level":"info","message":"Express server listening on port 9100","timestamp":"2014-08-15T08:27:44.631Z"}
{"level":"info","message":"making api call to lastfm","timestamp":"2014-08-15T08:27:45.473Z"}
{"level":"info","message":"Express server listening on port 9100","timestamp":"2014-08-15T08:29:05.067Z"}
{"level":"info","message":"making api call to lastfm","timestamp":"2014-08-15T08:29:05.950Z"}
{"level":"info","message":"making api call to lastfm","timestamp":"2014-08-15T08:29:27.903Z"}
{"level":"info","message":"Express server listening on port 9100","timestamp":"2014-08-15T08:31:16.392Z"}
{"level":"info","message":"making api call to lastfm","timestamp":"2014-08-15T08:31:30.397Z"}
{"level":"info","message":"Express server listening on port 9100","timestamp":"2014-08-16T01:34:36.501Z"}
{"level":"info","message":"Express server listening on port 9100","timestamp":"2014-08-16T01:37:39.075Z"}
{"level":"info","message":"making api call to lastfm","timestamp":"2014-08-16T01:37:50.273Z"}
{"level":"info","message":"making api call to lastfm","timestamp":"2014-08-16T03:02:43.992Z"}
{"level":"info","message":"Express server listening on port 9100","timestamp":"2014-08-16T10:49:38.420Z"}
{"level":"info","message":"Express server listening on port 9100","timestamp":"2014-08-16T10:53:06.814Z"}
{"level":"info","message":"Express server listening on port 9100","timestamp":"2014-08-16T10:53:27.284Z"}
{"level":"info","message":"Express server listening on port 9100","timestamp":"2014-08-16T10:55:23.447Z"}
{"level":"info","message":"Express server listening on port 9100","timestamp":"2014-08-16T10:57:35.664Z"}
{"level":"info","message":"Express server listening on port 9100","timestamp":"2014-08-16T20:55:38.859Z"}
{"level":"info","message":"Express server listening on port 9100","timestamp":"2014-08-16T20:56:04.607Z"}
{"level":"info","message":"Express server listening on port 9100","timestamp":"2014-08-16T21:36:57.521Z"}
{"level":"info","message":"Express server listening on port 9100","timestamp":"2014-08-16T22:28:28.423Z"}
{"level":"info","message":"Express server listening on port 9100","timestamp":"2014-08-16T22:30:53.217Z"}
{"level":"info","message":"Express server listening on port 9100","timestamp":"2014-08-16T22:31:17.968Z"}
{"level":"info","message":"Express server listening on port 9100","timestamp":"2014-08-16T22:32:01.777Z"}
{"level":"info","message":"Express server listening on port 9100","timestamp":"2014-08-16T22:32:16.283Z"}
{"level":"info","message":"making api call to lastfm","timestamp":"2014-08-16T22:32:18.232Z"}
{"level":"info","message":"Express server listening on port 9100","timestamp":"2014-08-16T22:32:42.391Z"}
{"level":"info","message":"making api call to lastfm","timestamp":"2014-08-16T22:32:43.136Z"}
{"level":"info","message":"Express server listening on port 9100","timestamp":"2014-08-16T22:39:48.401Z"}
{"level":"info","message":"making api call to lastfm","timestamp":"2014-08-16T22:39:51.302Z"}
{"level":"info","message":"Express server listening on port 9100","timestamp":"2014-08-16T22:42:31.291Z"}
{"level":"info","message":"Express server listening on port 9100","timestamp":"2014-08-16T22:43:00.328Z"}
{"level":"info","message":"a user connected","timestamp":"2014-08-16T22:43:01.637Z"}
{"level":"info","message":"a user connected","timestamp":"2014-08-16T22:49:02.926Z"}
{"level":"info","message":"a user connected","timestamp":"2014-08-16T22:49:16.122Z"}
{"level":"info","message":"Express server listening on port 9100","timestamp":"2014-08-17T02:21:45.965Z"}
{"level":"info","message":"Express server listening on port 9100","timestamp":"2014-08-17T02:26:54.722Z"}
{"level":"info","message":"a user connected","timestamp":"2014-08-17T02:36:06.784Z"}
{"level":"info","message":"a user connected","timestamp":"2014-08-17T02:51:45.694Z"}
{"level":"info","message":"Express server listening on port 9100","timestamp":"2014-08-17T02:51:58.732Z"}
{"level":"info","message":"a user connected","timestamp":"2014-08-17T02:52:00.926Z"}
{"level":"info","message":"a user connected","timestamp":"2014-08-17T02:52:03.894Z"}
{"level":"info","message":"Express server listening on port 9100","timestamp":"2014-08-17T02:52:27.201Z"}
{"level":"info","message":"a user connected","timestamp":"2014-08-17T02:52:29.578Z"}
{"level":"info","message":"a user connected","timestamp":"2014-08-17T02:52:31.018Z"}
{"level":"info","message":"Express server listening on port 9100","timestamp":"2014-08-17T02:55:46.242Z"}
{"level":"info","message":"a user connected","timestamp":"2014-08-17T02:55:46.628Z"}
{"level":"info","message":"a user connected","timestamp":"2014-08-17T02:55:49.785Z"}
{"level":"info","message":"recived search [object Object]","timestamp":"2014-08-17T02:55:53.675Z"}
{"level":"info","message":"recived search [object Object]","timestamp":"2014-08-17T02:56:08.123Z"}
{"level":"info","message":"Express server listening on port 9100","timestamp":"2014-08-17T02:59:13.597Z"}
{"level":"info","message":"a user connected","timestamp":"2014-08-17T02:59:14.001Z"}
{"level":"info","message":"recived search","timestamp":"2014-08-17T02:59:15.677Z"}
{"level":"info","message":"recived search","timestamp":"2014-08-17T03:05:05.055Z"}
{"level":"info","message":"Express server listening on port 9100","timestamp":"2014-08-17T03:05:11.119Z"}
{"level":"info","message":"a user connected","timestamp":"2014-08-17T03:05:13.588Z"}
{"level":"info","message":"a user connected","timestamp":"2014-08-17T03:05:19.902Z"}
{"level":"info","message":"recived search","timestamp":"2014-08-17T03:05:24.055Z"}
{"level":"info","message":"making api call to lastfm","timestamp":"2014-08-17T03:05:24.056Z"}
{"level":"info","message":"Express server listening on port 9100","timestamp":"2014-08-17T03:07:56.964Z"}
{"level":"info","message":"a user connected","timestamp":"2014-08-17T03:07:58.065Z"}
{"level":"info","message":"recived search","timestamp":"2014-08-17T03:08:01.429Z"}
{"level":"info","message":"Express server listening on port 9100","timestamp":"2014-08-17T03:08:29.834Z"}
{"level":"info","message":"a user connected","timestamp":"2014-08-17T03:08:30.492Z"}
{"level":"info","message":"recived search","timestamp":"2014-08-17T03:08:32.674Z"}
{"level":"info","message":"making api call to lastfm","timestamp":"2014-08-17T03:08:32.676Z"}
{"level":"info","message":"Express server listening on port 9100","timestamp":"2014-08-17T03:10:24.656Z"}
{"level":"info","message":"Express server listening on port 9100","timestamp":"2014-08-17T03:10:30.307Z"}
{"level":"info","message":"a user connected","timestamp":"2014-08-17T03:10:33.892Z"}
{"level":"info","message":"recived search","timestamp":"2014-08-17T03:10:38.263Z"}
{"level":"info","message":"making api call to lastfm","timestamp":"2014-08-17T03:10:38.263Z"}
{"level":"info","message":"Express server listening on port 9100","timestamp":"2014-08-17T03:11:16.023Z"}
{"level":"info","message":"a user connected","timestamp":"2014-08-17T03:11:18.397Z"}
{"level":"info","message":"Express server listening on port 9100","timestamp":"2014-08-17T03:11:33.808Z"}
{"level":"info","message":"a user connected","timestamp":"2014-08-17T03:11:36.051Z"}
{"level":"info","message":"recived search","timestamp":"2014-08-17T03:11:42.373Z"}
{"level":"info","message":"making api call to lastfm","timestamp":"2014-08-17T03:11:42.374Z"}
{"level":"info","message":"Express server listening on port 9100","timestamp":"2014-08-17T03:12:16.798Z"}
{"level":"info","message":"a user connected","timestamp":"2014-08-17T03:12:18.635Z"}
{"level":"info","message":"recived search","timestamp":"2014-08-17T03:12:21.297Z"}
{"level":"info","message":"making api call to lastfm","timestamp":"2014-08-17T03:12:21.298Z"}
{"level":"info","message":"Express server listening on port 9100","timestamp":"2014-08-17T03:13:22.079Z"}
{"level":"info","message":"a user connected","timestamp":"2014-08-17T03:13:24.804Z"}
{"level":"info","message":"recived search","timestamp":"2014-08-17T03:13:32.955Z"}
{"level":"info","message":"making api call to lastfm","timestamp":"2014-08-17T03:13:32.956Z"}
{"level":"info","message":"Express server listening on port 9100","timestamp":"2014-08-17T03:15:52.784Z"}
{"level":"info","message":"a user connected","timestamp":"2014-08-17T03:15:55.419Z"}
{"level":"info","message":"recived search","timestamp":"2014-08-17T03:15:58.077Z"}
{"level":"info","message":"making api call to lastfm","timestamp":"2014-08-17T03:15:58.077Z"}
{"level":"info","message":"Express server listening on port 9100","timestamp":"2014-08-17T03:18:51.498Z"}
{"level":"info","message":"a user connected","timestamp":"2014-08-17T03:18:53.504Z"}
{"level":"info","message":"recived search","timestamp":"2014-08-17T03:18:54.284Z"}
{"level":"info","message":"making api call to lastfm","timestamp":"2014-08-17T03:18:54.284Z"}
{"level":"info","message":"Express server listening on port 9100","timestamp":"2014-08-17T03:19:22.220Z"}
{"level":"info","message":"a user connected","timestamp":"2014-08-17T03:19:24.529Z"}
{"level":"info","message":"recived search","timestamp":"2014-08-17T03:19:25.994Z"}
{"level":"info","message":"making api call to lastfm","timestamp":"2014-08-17T03:19:25.994Z"}
{"level":"info","message":"Express server listening on port 9100","timestamp":"2014-08-17T03:22:17.664Z"}
{"level":"info","message":"a user connected","timestamp":"2014-08-17T03:22:20.075Z"}
{"level":"info","message":"recived search","timestamp":"2014-08-17T03:22:22.069Z"}
{"level":"info","message":"making api call to lastfm","timestamp":"2014-08-17T03:22:22.070Z"}
{"level":"info","message":"Express server listening on port 9100","timestamp":"2014-08-17T03:22:49.818Z"}
{"level":"info","message":"a user connected","timestamp":"2014-08-17T03:22:51.562Z"}
{"level":"info","message":"recived search","timestamp":"2014-08-17T03:22:52.003Z"}
{"level":"info","message":"making api call to lastfm","timestamp":"2014-08-17T03:22:52.004Z"}
{"level":"info","message":"Express server listening on port 9100","timestamp":"2014-08-17T03:23:42.258Z"}
{"level":"info","message":"a user connected","timestamp":"2014-08-17T03:23:44.934Z"}
{"level":"info","message":"recived search","timestamp":"2014-08-17T03:23:45.734Z"}
{"level":"info","message":"making api call to lastfm","timestamp":"2014-08-17T03:23:45.735Z"}
{"level":"info","message":"Express server listening on port 9100","timestamp":"2014-08-17T03:24:08.597Z"}
{"level":"info","message":"a user connected","timestamp":"2014-08-17T03:24:10.515Z"}
{"level":"info","message":"recived search","timestamp":"2014-08-17T03:24:10.994Z"}
{"level":"info","message":"making api call to lastfm","timestamp":"2014-08-17T03:24:10.994Z"}
{"level":"info","message":"Express server listening on port 9100","timestamp":"2014-08-17T03:24:30.312Z"}
{"level":"info","message":"a user connected","timestamp":"2014-08-17T03:24:33.034Z"}
{"level":"info","message":"recived search","timestamp":"2014-08-17T03:24:36.391Z"}
{"level":"info","message":"making api call to lastfm","timestamp":"2014-08-17T03:24:36.392Z"}
{"level":"info","message":"Express server listening on port 9100","timestamp":"2014-08-17T03:25:34.745Z"}
{"level":"info","message":"a user connected","timestamp":"2014-08-17T03:25:37.439Z"}
{"level":"info","message":"recived search","timestamp":"2014-08-17T03:25:38.070Z"}
{"level":"info","message":"making api call to lastfm","timestamp":"2014-08-17T03:25:38.070Z"}
{"level":"info","message":"Express server listening on port 9100","timestamp":"2014-08-17T03:26:03.305Z"}
{"level":"info","message":"a user connected","timestamp":"2014-08-17T03:26:03.402Z"}
{"level":"info","message":"recived search","timestamp":"2014-08-17T03:26:05.077Z"}
{"level":"info","message":"making api call to lastfm","timestamp":"2014-08-17T03:26:05.078Z"}
{"level":"info","message":"Express server listening on port 9100","timestamp":"2014-08-17T03:26:36.563Z"}
{"level":"info","message":"a user connected","timestamp":"2014-08-17T03:26:38.719Z"}
{"level":"info","message":"recived search","timestamp":"2014-08-17T03:26:42.063Z"}
{"level":"info","message":"making api call to lastfm","timestamp":"2014-08-17T03:26:42.064Z"}
{"level":"info","message":"Express server listening on port 9100","timestamp":"2014-08-17T03:26:57.278Z"}
{"level":"info","message":"a user connected","timestamp":"2014-08-17T03:27:01.580Z"}
{"level":"info","message":"recived search","timestamp":"2014-08-17T03:27:02.034Z"}
{"level":"info","message":"making api call to lastfm","timestamp":"2014-08-17T03:27:02.035Z"}
{"level":"info","message":"Express server listening on port 9100","timestamp":"2014-08-17T03:27:42.629Z"}
{"level":"info","message":"a user connected","timestamp":"2014-08-17T03:27:45.204Z"}
{"level":"info","message":"recived search","timestamp":"2014-08-17T03:27:47.959Z"}
{"level":"info","message":"making api call to lastfm","timestamp":"2014-08-17T03:27:47.960Z"}
{"level":"info","message":"Express server listening on port 9100","timestamp":"2014-08-17T05:04:38.772Z"}
{"level":"info","message":"a user connected","timestamp":"2014-08-17T05:04:40.078Z"}
{"level":"info","message":"Express server listening on port 9100","timestamp":"2014-08-17T05:05:52.477Z"}
{"level":"info","message":"a user connected","timestamp":"2014-08-17T05:05:55.090Z"}
{"level":"info","message":"recived search","timestamp":"2014-08-17T05:06:03.993Z"}
{"level":"info","message":"making api call to lastfm","timestamp":"2014-08-17T05:06:03.994Z"}
{"level":"info","message":"Express server listening on port 9100","timestamp":"2014-08-17T05:06:26.169Z"}
{"level":"info","message":"a user connected","timestamp":"2014-08-17T05:06:28.881Z"}
{"level":"info","message":"Express server listening on port 9100","timestamp":"2014-08-17T05:28:11.761Z"}
{"level":"info","message":"a user connected","timestamp":"2014-08-17T05:28:11.793Z"}
{"level":"info","message":"a user connected","timestamp":"2014-08-17T05:28:18.764Z"}
{"level":"info","message":"recived search","timestamp":"2014-08-17T05:28:28.891Z"}
{"level":"info","message":"making api call to lastfm","timestamp":"2014-08-17T05:28:28.891Z"}
{"level":"info","message":"Express server listening on port 9100","timestamp":"2014-08-17T05:29:20.537Z"}
{"level":"info","message":"a user connected","timestamp":"2014-08-17T05:29:21.378Z"}
{"level":"info","message":"recived search","timestamp":"2014-08-17T05:29:22.729Z"}
{"level":"info","message":"making api call to lastfm","timestamp":"2014-08-17T05:29:22.730Z"}
{"level":"info","message":"Express server listening on port 9100","timestamp":"2014-08-17T05:31:14.662Z"}
{"level":"info","message":"a user connected","timestamp":"2014-08-17T05:31:17.404Z"}
{"level":"info","message":"recived search","timestamp":"2014-08-17T05:31:20.659Z"}
{"level":"info","message":"making api call to lastfm","timestamp":"2014-08-17T05:31:20.660Z"}
{"level":"info","message":"recived search","timestamp":"2014-08-17T05:33:29.024Z"}
{"level":"info","message":"making api call to lastfm","timestamp":"2014-08-17T05:33:29.024Z"}
{"level":"info","message":"Express server listening on port 9100","timestamp":"2014-08-17T05:37:10.135Z"}
{"level":"info","message":"a user connected","timestamp":"2014-08-17T05:37:12.978Z"}
{"level":"info","message":"recived search","timestamp":"2014-08-17T05:37:17.441Z"}
{"level":"info","message":"making api call to lastfm","timestamp":"2014-08-17T05:37:17.442Z"}
{"level":"info","message":"Express server listening on port 9100","timestamp":"2014-08-17T05:38:50.084Z"}
{"level":"info","message":"a user connected","timestamp":"2014-08-17T05:38:52.698Z"}
{"level":"info","message":"recived search","timestamp":"2014-08-17T05:38:53.093Z"}
{"level":"info","message":"Express server listening on port 9100","timestamp":"2014-08-17T05:39:05.508Z"}
{"level":"info","message":"a user connected","timestamp":"2014-08-17T05:39:10.376Z"}
{"level":"info","message":"recived search","timestamp":"2014-08-17T05:39:11.864Z"}
{"level":"info","message":"making api call to lastfm","timestamp":"2014-08-17T05:39:11.865Z"}
{"level":"info","message":"recived search","timestamp":"2014-08-17T05:40:07.936Z"}
{"level":"info","message":"making api call to lastfm","timestamp":"2014-08-17T05:40:07.937Z"}
{"level":"info","message":"Express server listening on port 9100","timestamp":"2014-08-17T05:53:13.487Z"}
{"level":"info","message":"a user connected","timestamp":"2014-08-17T05:53:15.890Z"}
{"level":"info","message":"recived search","timestamp":"2014-08-17T05:53:18.110Z"}
{"level":"info","message":"making api call to lastfm","timestamp":"2014-08-17T05:53:18.111Z"}
{"level":"info","message":"Express server listening on port 9100","timestamp":"2014-08-17T05:59:29.772Z"}
{"level":"info","message":"a user connected","timestamp":"2014-08-17T05:59:31.220Z"}
{"level":"info","message":"recived search","timestamp":"2014-08-17T05:59:34.236Z"}
{"level":"info","message":"making api call to lastfm","timestamp":"2014-08-17T05:59:34.237Z"}
{"level":"info","message":"Express server listening on port 9100","timestamp":"2014-08-17T06:00:15.556Z"}
{"level":"info","message":"a user connected","timestamp":"2014-08-17T06:00:17.633Z"}
{"level":"info","message":"recived search","timestamp":"2014-08-17T06:00:21.028Z"}
{"level":"info","message":"making api call to lastfm","timestamp":"2014-08-17T06:00:21.029Z"}
{"level":"info","message":"Express server listening on port 9100","timestamp":"2014-08-17T06:01:14.299Z"}
{"level":"info","message":"a user connected","timestamp":"2014-08-17T06:01:15.890Z"}
{"level":"info","message":"recived search","timestamp":"2014-08-17T06:01:16.411Z"}
{"level":"info","message":"just artist provided","timestamp":"2014-08-17T06:01:16.411Z"}
{"level":"info","message":"making api call to lastfm","timestamp":"2014-08-17T06:01:16.411Z"}
{"level":"info","message":"Express server listening on port 9100","timestamp":"2014-08-17T06:03:44.161Z"}
{"level":"info","message":"a user connected","timestamp":"2014-08-17T06:03:44.344Z"}
{"level":"info","message":"recived search","timestamp":"2014-08-17T06:03:45.537Z"}
{"level":"info","message":"just artist provided","timestamp":"2014-08-17T06:03:45.538Z"}
{"level":"info","message":"making api call to lastfm","timestamp":"2014-08-17T06:03:45.538Z"}
{"level":"info","message":"a user connected","timestamp":"2014-08-17T06:04:39.763Z"}
{"level":"info","message":"a user connected","timestamp":"2014-08-17T06:04:45.558Z"}
{"level":"info","message":"Express server listening on port 9100","timestamp":"2014-08-17T06:05:15.675Z"}
{"level":"info","message":"a user connected","timestamp":"2014-08-17T06:05:17.303Z"}
{"level":"info","message":"recived search","timestamp":"2014-08-17T06:05:21.690Z"}
{"level":"info","message":"just artist provided","timestamp":"2014-08-17T06:05:21.691Z"}
{"level":"info","message":"making api call to lastfm","timestamp":"2014-08-17T06:05:21.692Z"}
{"level":"info","message":"Express server listening on port 9100","timestamp":"2014-08-17T06:05:56.513Z"}
{"level":"info","message":"a user connected","timestamp":"2014-08-17T06:05:57.946Z"}
{"level":"info","message":"recived search","timestamp":"2014-08-17T06:05:58.700Z"}
{"level":"info","message":"just artist provided","timestamp":"2014-08-17T06:05:58.700Z"}
{"level":"info","message":"making api call to lastfm","timestamp":"2014-08-17T06:05:58.701Z"}
{"level":"info","message":"Express server listening on port 9100","timestamp":"2014-08-17T06:06:37.879Z"}
{"level":"info","message":"a user connected","timestamp":"2014-08-17T06:06:39.885Z"}
{"level":"info","message":"recived search","timestamp":"2014-08-17T06:06:41.209Z"}
{"level":"info","message":"just artist provided","timestamp":"2014-08-17T06:06:41.210Z"}
{"level":"info","message":"making api call to lastfm","timestamp":"2014-08-17T06:06:41.210Z"}
{"level":"info","message":"Express server listening on port 9100","timestamp":"2014-08-17T06:07:04.565Z"}
{"level":"info","message":"a user connected","timestamp":"2014-08-17T06:07:06.118Z"}
{"level":"info","message":"recived search","timestamp":"2014-08-17T06:07:06.132Z"}
{"level":"info","message":"just artist provided","timestamp":"2014-08-17T06:07:06.133Z"}
{"level":"info","message":"making api call to lastfm","timestamp":"2014-08-17T06:07:06.133Z"}
{"level":"info","message":"recived search","timestamp":"2014-08-17T06:07:06.360Z"}
{"level":"info","message":"just artist provided","timestamp":"2014-08-17T06:07:06.360Z"}
{"level":"info","message":"making api call to lastfm","timestamp":"2014-08-17T06:07:06.361Z"}
{"level":"info","message":"Express server listening on port 9100","timestamp":"2014-08-17T06:07:23.646Z"}
{"level":"info","message":"a user connected","timestamp":"2014-08-17T06:07:25.234Z"}
{"level":"info","message":"recived search","timestamp":"2014-08-17T06:07:25.254Z"}
{"level":"info","message":"just artist provided","timestamp":"2014-08-17T06:07:25.255Z"}
{"level":"info","message":"making api call to lastfm","timestamp":"2014-08-17T06:07:25.255Z"}
{"level":"info","message":"Express server listening on port 9100","timestamp":"2014-08-17T06:07:49.063Z"}
{"level":"info","message":"a user connected","timestamp":"2014-08-17T06:07:49.476Z"}
{"level":"info","message":"recived search","timestamp":"2014-08-17T06:07:49.741Z"}
{"level":"info","message":"just artist provided","timestamp":"2014-08-17T06:07:49.741Z"}
{"level":"info","message":"making api call to lastfm","timestamp":"2014-08-17T06:07:49.742Z"}
{"level":"info","message":"Express server listening on port 9100","timestamp":"2014-08-17T06:13:10.998Z"}
{"level":"info","message":"a user connected","timestamp":"2014-08-17T06:13:12.701Z"}
{"level":"info","message":"recived search","timestamp":"2014-08-17T06:13:12.716Z"}
{"level":"info","message":"Express server listening on port 9100","timestamp":"2014-08-17T06:14:33.621Z"}
{"level":"info","message":"a user connected","timestamp":"2014-08-17T06:14:38.749Z"}
{"level":"info","message":"recived search","timestamp":"2014-08-17T06:14:38.767Z"}
{"level":"info","message":"Express server listening on port 9100","timestamp":"2014-08-17T06:17:34.393Z"}
{"level":"info","message":"a user connected","timestamp":"2014-08-17T06:17:39.503Z"}
{"level":"info","message":"recived search","timestamp":"2014-08-17T06:17:39.524Z"}
{"level":"info","message":"just artist provided","timestamp":"2014-08-17T06:17:39.525Z"}
{"level":"info","message":"making api call to lastfm","timestamp":"2014-08-17T06:17:39.525Z"}
{"level":"info","message":"a user connected","timestamp":"2014-08-17T06:17:43.247Z"}
{"level":"info","message":"recived search","timestamp":"2014-08-17T06:17:44.463Z"}
{"level":"info","message":"just artist provided","timestamp":"2014-08-17T06:17:44.463Z"}
{"level":"info","message":"making api call to lastfm","timestamp":"2014-08-17T06:17:44.464Z"}
{"level":"info","message":"Express server listening on port 9100","timestamp":"2014-08-17T06:18:06.207Z"}
{"level":"info","message":"a user connected","timestamp":"2014-08-17T06:18:06.733Z"}
{"level":"info","message":"recived search","timestamp":"2014-08-17T06:18:06.747Z"}
{"level":"info","message":"just artist provided","timestamp":"2014-08-17T06:18:06.748Z"}
{"level":"info","message":"making api call to lastfm","timestamp":"2014-08-17T06:18:06.749Z"}
{"level":"info","message":"recived search","timestamp":"2014-08-17T06:18:06.979Z"}
{"level":"info","message":"just artist provided","timestamp":"2014-08-17T06:18:06.980Z"}
{"level":"info","message":"making api call to lastfm","timestamp":"2014-08-17T06:18:06.980Z"}
{"level":"info","message":"recived search","timestamp":"2014-08-17T06:18:06.981Z"}
{"level":"info","message":"just artist provided","timestamp":"2014-08-17T06:18:06.981Z"}
{"level":"info","message":"making api call to lastfm","timestamp":"2014-08-17T06:18:06.981Z"}
{"level":"info","message":"recived search","timestamp":"2014-08-17T06:18:09.064Z"}
{"level":"info","message":"just artist provided","timestamp":"2014-08-17T06:18:09.065Z"}
{"level":"info","message":"making api call to lastfm","timestamp":"2014-08-17T06:18:09.066Z"}
{"level":"info","message":"Express server listening on port 9100","timestamp":"2014-08-17T06:20:22.938Z"}
{"level":"info","message":"a user connected","timestamp":"2014-08-17T06:20:24.002Z"}
{"level":"info","message":"a user connected","timestamp":"2014-08-17T06:20:29.825Z"}
{"level":"info","message":"a user connected","timestamp":"2014-08-17T06:21:04.081Z"}
{"level":"info","message":"a user connected","timestamp":"2014-08-17T06:22:17.035Z"}
{"level":"info","message":"Express server listening on port 9100","timestamp":"2014-08-17T06:22:21.691Z"}
{"level":"info","message":"a user connected","timestamp":"2014-08-17T06:22:23.198Z"}
{"level":"info","message":"recived search","timestamp":"2014-08-17T06:22:26.291Z"}
{"level":"info","message":"just artist provided","timestamp":"2014-08-17T06:22:26.292Z"}
{"level":"info","message":"making api call to lastfm","timestamp":"2014-08-17T06:22:26.293Z"}
{"level":"info","message":"Express server listening on port 9100","timestamp":"2014-08-17T06:22:57.969Z"}
{"level":"info","message":"a user connected","timestamp":"2014-08-17T06:23:00.129Z"}
{"level":"info","message":"recived search","timestamp":"2014-08-17T06:23:00.152Z"}
{"level":"info","message":"track and artist provided","timestamp":"2014-08-17T06:23:00.153Z"}
{"level":"info","message":"making api call to lastfm","timestamp":"2014-08-17T06:23:00.154Z"}
{"level":"info","message":"recived search","timestamp":"2014-08-17T06:23:01.304Z"}
{"level":"info","message":"track and artist provided","timestamp":"2014-08-17T06:23:01.306Z"}
{"level":"info","message":"making api call to lastfm","timestamp":"2014-08-17T06:23:01.307Z"}
{"level":"info","message":"Express server listening on port 9100","timestamp":"2014-08-17T06:23:40.224Z"}
{"level":"info","message":"a user connected","timestamp":"2014-08-17T06:23:41.715Z"}
{"level":"info","message":"Express server listening on port 9100","timestamp":"2014-08-17T06:24:44.896Z"}
{"level":"info","message":"a user connected","timestamp":"2014-08-17T06:24:46.562Z"}
{"level":"info","message":"recived search","timestamp":"2014-08-17T06:24:46.578Z"}
{"level":"info","message":"track and artist provided","timestamp":"2014-08-17T06:24:46.578Z"}
{"level":"info","message":"making api call to lastfm","timestamp":"2014-08-17T06:24:46.579Z"}
{"level":"info","message":"recived search","timestamp":"2014-08-17T06:24:46.808Z"}
{"level":"info","message":"track and artist provided","timestamp":"2014-08-17T06:24:46.808Z"}
{"level":"info","message":"making api call to lastfm","timestamp":"2014-08-17T06:24:46.808Z"}
{"level":"info","message":"Express server listening on port 9100","timestamp":"2014-08-17T06:25:39.060Z"}
{"level":"info","message":"a user connected","timestamp":"2014-08-17T06:25:40.431Z"}
{"level":"info","message":"Express server listening on port 9100","timestamp":"2014-08-17T06:25:45.679Z"}
{"level":"info","message":"a user connected","timestamp":"2014-08-17T06:25:46.990Z"}
{"level":"info","message":"a user connected","timestamp":"2014-08-17T06:25:47.198Z"}
{"level":"info","message":"recived search","timestamp":"2014-08-17T06:25:49.165Z"}
{"level":"info","message":"just artist provided","timestamp":"2014-08-17T06:25:49.166Z"}
{"level":"info","message":"making api call to lastfm","timestamp":"2014-08-17T06:25:49.167Z"}
{"level":"info","message":"Express server listening on port 9100","timestamp":"2014-08-17T06:26:08.688Z"}
{"level":"info","message":"a user connected","timestamp":"2014-08-17T06:26:10.385Z"}
{"level":"info","message":"recived search","timestamp":"2014-08-17T06:26:19.431Z"}
{"level":"info","message":"track and artist provided","timestamp":"2014-08-17T06:26:19.432Z"}
{"level":"info","message":"making api call to lastfm","timestamp":"2014-08-17T06:26:19.433Z"}
{"level":"info","message":"Express server listening on port 9100","timestamp":"2014-08-17T06:27:02.613Z"}
{"level":"info","message":"a user connected","timestamp":"2014-08-17T06:27:04.075Z"}
{"level":"info","message":"recived search","timestamp":"2014-08-17T06:27:08.791Z"}
{"level":"info","message":"track and artist provided","timestamp":"2014-08-17T06:27:08.792Z"}
{"level":"info","message":"making api call to lastfm","timestamp":"2014-08-17T06:27:08.793Z"}
{"level":"info","message":"Express server listening on port 9100","timestamp":"2014-08-17T06:27:29.154Z"}
{"level":"info","message":"a user connected","timestamp":"2014-08-17T06:27:31.410Z"}
{"level":"info","message":"recived search","timestamp":"2014-08-17T06:27:31.431Z"}
{"level":"info","message":"track and artist provided","timestamp":"2014-08-17T06:27:31.431Z"}
{"level":"info","message":"making api call to lastfm","timestamp":"2014-08-17T06:27:31.432Z"}
{"level":"info","message":"recived search","timestamp":"2014-08-17T06:27:49.779Z"}
{"level":"info","message":"Express server listening on port 9100","timestamp":"2014-08-17T06:30:05.755Z"}
{"level":"info","message":"a user connected","timestamp":"2014-08-17T06:30:07.705Z"}
{"level":"info","message":"recived search","timestamp":"2014-08-17T06:30:09.055Z"}
{"level":"info","message":"track and artist provided","timestamp":"2014-08-17T06:30:09.056Z"}
{"level":"info","message":"making api call to lastfm","timestamp":"2014-08-17T06:30:09.057Z"}
{"level":"info","message":"recived search","timestamp":"2014-08-17T06:30:19.736Z"}
{"level":"info","message":"track and artist provided","timestamp":"2014-08-17T06:30:19.736Z"}
{"level":"info","message":"making api call to lastfm","timestamp":"2014-08-17T06:30:19.737Z"}
{"level":"info","message":"recived search","timestamp":"2014-08-17T06:30:39.585Z"}
{"level":"info","message":"track and artist provided","timestamp":"2014-08-17T06:30:39.586Z"}
{"level":"info","message":"making api call to lastfm","timestamp":"2014-08-17T06:30:39.586Z"}
{"level":"info","message":"Express server listening on port 9100","timestamp":"2014-08-17T06:33:08.954Z"}
{"level":"info","message":"a user connected","timestamp":"2014-08-17T06:33:09.178Z"}
{"level":"info","message":"recived search","timestamp":"2014-08-17T06:33:13.568Z"}
{"level":"info","message":"track and artist provided","timestamp":"2014-08-17T06:33:13.569Z"}
{"level":"info","message":"making api call to lastfm","timestamp":"2014-08-17T06:33:13.569Z"}
{"level":"info","message":"recived search","timestamp":"2014-08-17T06:33:33.110Z"}
{"level":"info","message":"track and artist provided","timestamp":"2014-08-17T06:33:33.110Z"}
{"level":"info","message":"making api call to lastfm","timestamp":"2014-08-17T06:33:33.111Z"}
{"level":"info","message":"Express server listening on port 9100","timestamp":"2014-08-17T06:34:47.933Z"}
{"level":"info","message":"a user connected","timestamp":"2014-08-17T06:34:49.594Z"}
{"level":"info","message":"a user connected","timestamp":"2014-08-17T06:34:51.998Z"}
{"level":"info","message":"recived search","timestamp":"2014-08-17T06:34:58.519Z"}
{"level":"info","message":"just artist provided","timestamp":"2014-08-17T06:34:58.521Z"}
{"level":"info","message":"making api call to lastfm","timestamp":"2014-08-17T06:34:58.521Z"}
{"level":"info","message":"Express server listening on port 9100","timestamp":"2014-08-17T06:35:28.836Z"}
{"level":"info","message":"a user connected","timestamp":"2014-08-17T06:35:30.107Z"}
{"level":"info","message":"recived search","timestamp":"2014-08-17T06:35:33.267Z"}
{"level":"info","message":"just artist provided","timestamp":"2014-08-17T06:35:33.268Z"}
{"level":"info","message":"making api call to lastfm","timestamp":"2014-08-17T06:35:33.268Z"}
{"level":"info","message":"send back search results to Q98I6St0HqikQU6yAAAA","timestamp":"2014-08-17T06:35:38.657Z"}
{"level":"info","message":"Express server listening on port 9100","timestamp":"2014-08-17T06:36:14.190Z"}
{"level":"info","message":"a user connected","timestamp":"2014-08-17T06:36:16.882Z"}
{"level":"info","message":"recived search","timestamp":"2014-08-17T06:38:40.144Z"}
{"level":"info","message":"just artist provided","timestamp":"2014-08-17T06:38:40.144Z"}
{"level":"info","message":"making api call to lastfm","timestamp":"2014-08-17T06:38:40.145Z"}
{"level":"info","message":"send back search results to lSOcwwO4H3dnAoZEAAAA","timestamp":"2014-08-17T06:38:45.522Z"}
{"level":"info","message":"recived search","timestamp":"2014-08-17T06:39:08.660Z"}
{"level":"info","message":"track and artist provided","timestamp":"2014-08-17T06:39:08.660Z"}
{"level":"info","message":"making api call to lastfm","timestamp":"2014-08-17T06:39:08.660Z"}
{"level":"info","message":"send back search results to undefined","timestamp":"2014-08-17T06:39:14.056Z"}
{"level":"info","message":"a user connected","timestamp":"2014-08-17T06:39:17.573Z"}
{"level":"info","message":"recived search","timestamp":"2014-08-17T06:39:25.190Z"}
{"level":"info","message":"just artist provided","timestamp":"2014-08-17T06:39:25.190Z"}
{"level":"info","message":"making api call to lastfm","timestamp":"2014-08-17T06:39:25.191Z"}
{"level":"info","message":"send back search results to iXOf1PlmuV1SpVRdAAAB","timestamp":"2014-08-17T06:39:25.572Z"}
{"level":"info","message":"Express server listening on port 9100","timestamp":"2014-08-17T06:39:39.892Z"}
{"level":"info","message":"a user connected","timestamp":"2014-08-17T06:39:41.344Z"}
{"level":"info","message":"a user connected","timestamp":"2014-08-17T06:39:41.348Z"}
{"level":"info","message":"recived search","timestamp":"2014-08-17T06:39:46.240Z"}
{"level":"info","message":"just artist provided","timestamp":"2014-08-17T06:39:46.241Z"}
{"level":"info","message":"making api call to lastfm","timestamp":"2014-08-17T06:39:46.241Z"}
{"level":"info","message":"send back search results to xJxJvFX5ZTlY5h1CAAAB","timestamp":"2014-08-17T06:39:51.640Z"}
{"level":"info","message":"Express server listening on port 9100","timestamp":"2014-08-17T06:40:47.216Z"}
{"level":"info","message":"a user connected","timestamp":"2014-08-17T06:40:48.847Z"}
{"level":"info","message":"a user connected","timestamp":"2014-08-17T06:40:49.892Z"}
{"level":"info","message":"recived search","timestamp":"2014-08-17T06:41:00.610Z"}
{"level":"info","message":"track and artist provided","timestamp":"2014-08-17T06:41:00.610Z"}
{"level":"info","message":"making api call to lastfm","timestamp":"2014-08-17T06:41:00.610Z"}
{"level":"info","message":"Express server listening on port 9100","timestamp":"2014-08-17T06:41:23.839Z"}
{"level":"info","message":"a user connected","timestamp":"2014-08-17T06:41:25.573Z"}
{"level":"info","message":"recived search","timestamp":"2014-08-17T06:41:29.642Z"}
{"level":"info","message":"track and artist provided","timestamp":"2014-08-17T06:41:29.642Z"}
{"level":"info","message":"making api call to lastfm","timestamp":"2014-08-17T06:41:29.643Z"}
{"level":"info","message":"send back search results to Ocrgd_HoIDnaklOyAAAA","timestamp":"2014-08-17T06:41:35.234Z"}
{"level":"info","message":"Express server listening on port 9100","timestamp":"2014-08-17T06:41:53.502Z"}
{"level":"info","message":"a user connected","timestamp":"2014-08-17T06:41:55.161Z"}
{"level":"info","message":"recived search","timestamp":"2014-08-17T06:41:55.175Z"}
{"level":"info","message":"track and artist provided","timestamp":"2014-08-17T06:41:55.176Z"}
{"level":"info","message":"making api call to lastfm","timestamp":"2014-08-17T06:41:55.176Z"}
{"level":"info","message":"send back search results to t6G0JkSjeke4zb22AAAA","timestamp":"2014-08-17T06:42:00.691Z"}
{"level":"info","message":"Express server listening on port 9100","timestamp":"2014-08-17T06:42:49.059Z"}
{"level":"info","message":"a user connected","timestamp":"2014-08-17T06:42:50.179Z"}
{"level":"info","message":"recived search","timestamp":"2014-08-17T06:42:55.634Z"}
{"level":"info","message":"track and artist provided","timestamp":"2014-08-17T06:42:55.634Z"}
{"level":"info","message":"making api call to lastfm","timestamp":"2014-08-17T06:42:55.635Z"}
{"level":"info","message":"send back search results to xA0mX_CvcyVVypy0AAAA","timestamp":"2014-08-17T06:43:01.343Z"}
{"level":"info","message":"a user connected","timestamp":"2014-08-17T06:43:08.262Z"}
{"level":"info","message":"recived search","timestamp":"2014-08-17T06:43:14.964Z"}
{"level":"info","message":"track and artist provided","timestamp":"2014-08-17T06:43:14.964Z"}
{"level":"info","message":"making api call to lastfm","timestamp":"2014-08-17T06:43:14.965Z"}
{"level":"info","message":"send back search results to RHmfSLhL1kgFEmdSAAAB","timestamp":"2014-08-17T06:43:20.505Z"}
{"level":"info","message":"recived search","timestamp":"2014-08-17T06:43:34.384Z"}
{"level":"info","message":"track and artist provided","timestamp":"2014-08-17T06:43:34.385Z"}
{"level":"info","message":"making api call to lastfm","timestamp":"2014-08-17T06:43:34.385Z"}
{"level":"info","message":"send back search results to RHmfSLhL1kgFEmdSAAAB","timestamp":"2014-08-17T06:43:39.776Z"}
{"level":"info","message":"Express server listening on port 9100","timestamp":"2014-08-17T08:09:45.495Z"}
{"level":"info","message":"a user connected","timestamp":"2014-08-17T08:09:45.732Z"}
{"level":"info","message":"a user connected","timestamp":"2014-08-17T08:09:47.068Z"}
{"level":"info","message":"recived search","timestamp":"2014-08-17T08:09:52.252Z"}
{"level":"info","message":"track and artist provided","timestamp":"2014-08-17T08:09:52.253Z"}
{"level":"info","message":"making api call to lastfm","timestamp":"2014-08-17T08:09:52.253Z"}
{"level":"info","message":"send back search results to Q1c7sIocetXS30gmAAAB","timestamp":"2014-08-17T08:09:57.888Z"}
{"level":"info","message":"a user connected","timestamp":"2014-08-17T08:10:23.419Z"}
{"level":"info","message":"recived search","timestamp":"2014-08-17T08:10:27.772Z"}
{"level":"info","message":"track and artist provided","timestamp":"2014-08-17T08:10:27.772Z"}
{"level":"info","message":"making api call to lastfm","timestamp":"2014-08-17T08:10:27.772Z"}
{"level":"info","message":"send back search results to 1CLdqhNfq5xbk4KTAAAC","timestamp":"2014-08-17T08:10:28.700Z"}
{"level":"info","message":"a user connected","timestamp":"2014-08-17T08:15:41.473Z"}
{"level":"info","message":"recived search","timestamp":"2014-08-17T08:15:43.553Z"}
{"level":"info","message":"track and artist provided","timestamp":"2014-08-17T08:15:43.553Z"}
{"level":"info","message":"making api call to lastfm","timestamp":"2014-08-17T08:15:43.553Z"}
{"level":"info","message":"send back search results to xIfyOlrWLbuXUpa8AAAD","timestamp":"2014-08-17T08:15:49.913Z"}
{"level":"info","message":"Express server listening on port 9100","timestamp":"2014-08-17T08:27:27.393Z"}
{"level":"info","message":"a user connected","timestamp":"2014-08-17T08:27:30.120Z"}
{"level":"info","message":"a user connected","timestamp":"2014-08-17T08:27:31.266Z"}
{"level":"info","message":"recived search","timestamp":"2014-08-17T08:27:33.830Z"}
{"level":"info","message":"track and artist provided","timestamp":"2014-08-17T08:27:33.831Z"}
{"level":"info","message":"making api call to lastfm","timestamp":"2014-08-17T08:27:33.831Z"}
{"level":"info","message":"send back search results to qMwJD3CDtPs0K2AOAAAB","timestamp":"2014-08-17T08:27:39.275Z"}
{"level":"info","message":"a user connected","timestamp":"2014-08-17T08:33:34.223Z"}
{"level":"info","message":"recived search","timestamp":"2014-08-17T08:33:35.443Z"}
{"level":"info","message":"track and artist provided","timestamp":"2014-08-17T08:33:35.444Z"}
{"level":"info","message":"making api call to lastfm","timestamp":"2014-08-17T08:33:35.445Z"}
{"level":"info","message":"send back search results to oaxTqDx2CE4HFsDIAAAC","timestamp":"2014-08-17T08:33:42.421Z"}
{"level":"info","message":"a user connected","timestamp":"2014-08-17T08:37:54.373Z"}
{"level":"info","message":"a user connected","timestamp":"2014-08-17T08:38:05.561Z"}
{"level":"info","message":"Express server listening on port 9100","timestamp":"2014-08-17T08:43:44.549Z"}
{"level":"info","message":"a user connected","timestamp":"2014-08-17T08:43:47.268Z"}
{"level":"info","message":"recived search","timestamp":"2014-08-17T08:43:48.898Z"}
{"level":"info","message":"just artist provided","timestamp":"2014-08-17T08:43:48.899Z"}
{"level":"info","message":"making api call to lastfm","timestamp":"2014-08-17T08:43:48.900Z"}
{"level":"info","message":"a user connected","timestamp":"2014-08-17T08:44:04.845Z"}
{"level":"info","message":"recived search","timestamp":"2014-08-17T08:44:12.769Z"}
{"level":"info","message":"track and artist provided","timestamp":"2014-08-17T08:44:12.770Z"}
{"level":"info","message":"making api call to lastfm","timestamp":"2014-08-17T08:44:12.770Z"}
{"level":"info","message":"Express server listening on port 9100","timestamp":"2014-08-17T08:44:34.135Z"}
{"level":"info","message":"a user connected","timestamp":"2014-08-17T08:44:35.620Z"}
{"level":"info","message":"Express server listening on port 9100","timestamp":"2014-08-17T08:44:53.242Z"}
{"level":"info","message":"a user connected","timestamp":"2014-08-17T08:44:54.595Z"}
{"level":"info","message":"recived search","timestamp":"2014-08-17T08:44:54.609Z"}
{"level":"info","message":"track and artist provided","timestamp":"2014-08-17T08:44:54.610Z"}
{"level":"info","message":"making api call to lastfm","timestamp":"2014-08-17T08:44:54.610Z"}
{"level":"info","message":"send back search results to QURer8R-quT-fBznAAAA","timestamp":"2014-08-17T08:44:59.981Z"}
{"level":"info","message":"Express server listening on port 9100","timestamp":"2014-08-17T08:48:09.668Z"}
{"level":"info","message":"a user connected","timestamp":"2014-08-17T08:48:11.257Z"}
{"level":"info","message":"recived search","timestamp":"2014-08-17T08:48:14.632Z"}
{"level":"info","message":"just artist provided","timestamp":"2014-08-17T08:48:14.633Z"}
{"level":"info","message":"making api call to lastfm","timestamp":"2014-08-17T08:48:14.634Z"}
{"level":"info","message":"send back search results to EOxsdV-RyfIf5qB1AAAA","timestamp":"2014-08-17T08:48:20.009Z"}
{"level":"info","message":"Express server listening on port 9100","timestamp":"2014-08-17T08:48:35.910Z"}
{"level":"info","message":"a user connected","timestamp":"2014-08-17T08:48:37.420Z"}
{"level":"info","message":"recived search","timestamp":"2014-08-17T08:48:37.441Z"}
{"level":"info","message":"just artist provided","timestamp":"2014-08-17T08:48:37.442Z"}
{"level":"info","message":"making api call to lastfm","timestamp":"2014-08-17T08:48:37.442Z"}
{"level":"info","message":"send back search results to siW5bcq3s-4sid5eAAAA","timestamp":"2014-08-17T08:48:42.815Z"}
{"level":"info","message":"a user connected","timestamp":"2014-08-17T08:48:58.923Z"}
{"level":"info","message":"Express server listening on port 9100","timestamp":"2014-08-17T08:49:01.962Z"}
{"level":"info","message":"a user connected","timestamp":"2014-08-17T08:49:03.839Z"}
{"level":"info","message":"recived search","timestamp":"2014-08-17T08:49:07.145Z"}
{"level":"info","message":"just artist provided","timestamp":"2014-08-17T08:49:07.146Z"}
{"level":"info","message":"making api call to lastfm","timestamp":"2014-08-17T08:49:07.146Z"}
{"level":"info","message":"send back search results to EHx4mSwJZ_DWDIseAAAA","timestamp":"2014-08-17T08:49:12.521Z"}
{"level":"info","message":"Express server listening on port 9100","timestamp":"2014-08-17T08:50:21.429Z"}
{"level":"info","message":"a user connected","timestamp":"2014-08-17T08:50:23.052Z"}
{"level":"info","message":"recived search","timestamp":"2014-08-17T08:50:27.004Z"}
{"level":"info","message":"just artist provided","timestamp":"2014-08-17T08:50:27.005Z"}
{"level":"info","message":"making api call to lastfm","timestamp":"2014-08-17T08:50:27.006Z"}
{"level":"info","message":"Express server listening on port 9100","timestamp":"2014-08-17T08:51:30.510Z"}
{"level":"info","message":"a user connected","timestamp":"2014-08-17T08:51:33.765Z"}
{"level":"info","message":"recived search","timestamp":"2014-08-17T08:51:33.789Z"}
{"level":"info","message":"just artist provided","timestamp":"2014-08-17T08:51:33.790Z"}
{"level":"info","message":"making api call to lastfm","timestamp":"2014-08-17T08:51:33.790Z"}
{"level":"info","message":"send back search results to hxmIg_eBME48kSxlAAAA","timestamp":"2014-08-17T08:51:39.169Z"}
{"level":"info","message":"Express server listening on port 9100","timestamp":"2014-08-17T08:52:00.265Z"}
{"level":"info","message":"a user connected","timestamp":"2014-08-17T08:52:01.265Z"}
{"level":"info","message":"recived search","timestamp":"2014-08-17T08:52:01.288Z"}
{"level":"info","message":"just artist provided","timestamp":"2014-08-17T08:52:01.289Z"}
{"level":"info","message":"making api call to lastfm","timestamp":"2014-08-17T08:52:01.289Z"}
{"level":"info","message":"send back search results to IkN_TxPwsRzLyNPwAAAA","timestamp":"2014-08-17T08:52:06.673Z"}
{"level":"info","message":"Express server listening on port 9100","timestamp":"2014-08-17T08:52:44.505Z"}
{"level":"info","message":"a user connected","timestamp":"2014-08-17T08:52:46.103Z"}
{"level":"info","message":"recived search","timestamp":"2014-08-17T08:52:46.119Z"}
{"level":"info","message":"just artist provided","timestamp":"2014-08-17T08:52:46.119Z"}
{"level":"info","message":"making api call to lastfm","timestamp":"2014-08-17T08:52:46.120Z"}
{"level":"info","message":"send back search results to b-G_uxybWjNiEINZAAAA","timestamp":"2014-08-17T08:52:51.544Z"}
{"level":"info","message":"Express server listening on port 9100","timestamp":"2014-08-17T08:53:34.559Z"}
{"level":"info","message":"a user connected","timestamp":"2014-08-17T08:53:36.114Z"}
{"level":"info","message":"recived search","timestamp":"2014-08-17T08:53:36.824Z"}
{"level":"info","message":"just artist provided","timestamp":"2014-08-17T08:53:36.824Z"}
{"level":"info","message":"making api call to lastfm","timestamp":"2014-08-17T08:53:36.824Z"}
{"level":"info","message":"Express server listening on port 9100","timestamp":"2014-08-17T08:53:54.794Z"}
{"level":"info","message":"a user connected","timestamp":"2014-08-17T08:53:59.430Z"}
{"level":"info","message":"recived search","timestamp":"2014-08-17T08:53:59.451Z"}
{"level":"info","message":"just artist provided","timestamp":"2014-08-17T08:53:59.452Z"}
{"level":"info","message":"making api call to lastfm","timestamp":"2014-08-17T08:53:59.452Z"}
{"level":"info","message":"send back search results to LuCnW3yrNXqqqJ7pAAAA","timestamp":"2014-08-17T08:54:04.829Z"}
{"level":"info","message":"recived search","timestamp":"2014-08-17T08:54:05.112Z"}
{"level":"info","message":"just artist provided","timestamp":"2014-08-17T08:54:05.113Z"}
{"level":"info","message":"making api call to lastfm","timestamp":"2014-08-17T08:54:05.113Z"}
{"level":"info","message":"send back search results to LuCnW3yrNXqqqJ7pAAAA","timestamp":"2014-08-17T08:54:10.484Z"}
{"level":"info","message":"recived search","timestamp":"2014-08-17T08:54:18.491Z"}
{"level":"info","message":"just artist provided","timestamp":"2014-08-17T08:54:18.491Z"}
{"level":"info","message":"making api call to lastfm","timestamp":"2014-08-17T08:54:18.491Z"}
{"level":"info","message":"send back search results to LuCnW3yrNXqqqJ7pAAAA","timestamp":"2014-08-17T08:54:23.855Z"}
{"level":"info","message":"Express server listening on port 9100","timestamp":"2014-08-17T08:54:41.084Z"}
{"level":"info","message":"a user connected","timestamp":"2014-08-17T08:54:42.661Z"}
{"level":"info","message":"recived search","timestamp":"2014-08-17T08:54:43.633Z"}
{"level":"info","message":"track and artist provided","timestamp":"2014-08-17T08:54:43.634Z"}
{"level":"info","message":"making api call to lastfm","timestamp":"2014-08-17T08:54:43.634Z"}
{"level":"info","message":"send back search results to L_x4d8WTUjLA7EVVAAAA","timestamp":"2014-08-17T08:54:49.009Z"}
{"level":"info","message":"a user connected","timestamp":"2014-08-17T08:55:27.545Z"}
{"level":"info","message":"recived search","timestamp":"2014-08-17T08:55:30.423Z"}
{"level":"info","message":"track and artist provided","timestamp":"2014-08-17T08:55:30.423Z"}
{"level":"info","message":"making api call to lastfm","timestamp":"2014-08-17T08:55:30.423Z"}
{"level":"info","message":"send back search results to 1A39cK2RMaGbr4_MAAAB","timestamp":"2014-08-17T08:55:31.090Z"}
{"level":"info","message":"Express server listening on port 9100","timestamp":"2014-08-17T08:56:07.326Z"}
{"level":"info","message":"a user connected","timestamp":"2014-08-17T08:56:08.838Z"}
{"level":"info","message":"recived search","timestamp":"2014-08-17T08:56:14.722Z"}
{"level":"info","message":"track and artist provided","timestamp":"2014-08-17T08:56:14.724Z"}
{"level":"info","message":"making api call to lastfm","timestamp":"2014-08-17T08:56:14.724Z"}
{"level":"info","message":"send back search results to m4Sak_5ZH2UCu3LrAAAA","timestamp":"2014-08-17T08:56:20.125Z"}
{"level":"info","message":"Express server listening on port 9100","timestamp":"2014-08-17T08:57:08.347Z"}
{"level":"info","message":"a user connected","timestamp":"2014-08-17T08:57:09.817Z"}
{"level":"info","message":"recived search","timestamp":"2014-08-17T08:57:10.087Z"}
{"level":"info","message":"track and artist provided","timestamp":"2014-08-17T08:57:10.087Z"}
{"level":"info","message":"making api call to lastfm","timestamp":"2014-08-17T08:57:10.088Z"}
{"level":"info","message":"send back search results to zn09qYtw517p-bwZAAAA","timestamp":"2014-08-17T08:57:15.474Z"}
{"level":"info","message":"Express server listening on port 9100","timestamp":"2014-08-17T08:57:25.794Z"}
{"level":"info","message":"a user connected","timestamp":"2014-08-17T08:57:27.404Z"}
{"level":"info","message":"recived search","timestamp":"2014-08-17T08:57:27.424Z"}
{"level":"info","message":"track and artist provided","timestamp":"2014-08-17T08:57:27.427Z"}
{"level":"info","message":"making api call to lastfm","timestamp":"2014-08-17T08:57:27.427Z"}
{"level":"info","message":"send back search results to S2kTJCArKX93jll4AAAA","timestamp":"2014-08-17T08:57:32.799Z"}
{"level":"info","message":"a user connected","timestamp":"2014-08-17T08:57:45.910Z"}
{"level":"info","message":"recived search","timestamp":"2014-08-17T08:57:48.035Z"}
{"level":"info","message":"track and artist provided","timestamp":"2014-08-17T08:57:48.035Z"}
{"level":"info","message":"making api call to lastfm","timestamp":"2014-08-17T08:57:48.035Z"}
{"level":"info","message":"send back search results to NNPIVho4Cd2Z49Y4AAAB","timestamp":"2014-08-17T08:57:48.468Z"}
{"level":"info","message":"Express server listening on port 9100","timestamp":"2014-08-17T08:58:50.118Z"}
{"level":"info","message":"a user connected","timestamp":"2014-08-17T08:58:51.746Z"}
{"level":"info","message":"recived search","timestamp":"2014-08-17T08:58:53.204Z"}
{"level":"info","message":"track and artist provided","timestamp":"2014-08-17T08:58:53.205Z"}
{"level":"info","message":"making api call to lastfm","timestamp":"2014-08-17T08:58:53.205Z"}
{"level":"info","message":"send back search results to 8JlpbYc2qGVndJEaAAAA","timestamp":"2014-08-17T08:58:58.592Z"}
{"level":"info","message":"a user connected","timestamp":"2014-08-17T08:59:49.882Z"}
{"level":"info","message":"recived search","timestamp":"2014-08-17T08:59:51.462Z"}
{"level":"info","message":"track and artist provided","timestamp":"2014-08-17T08:59:51.462Z"}
{"level":"info","message":"making api call to lastfm","timestamp":"2014-08-17T08:59:51.462Z"}
{"level":"info","message":"send back search results to JTp0IKVixRs55BNSAAAB","timestamp":"2014-08-17T08:59:51.975Z"}
{"level":"info","message":"recived search","timestamp":"2014-08-17T08:59:58.730Z"}
{"level":"info","message":"track and artist provided","timestamp":"2014-08-17T08:59:58.730Z"}
{"level":"info","message":"making api call to lastfm","timestamp":"2014-08-17T08:59:58.730Z"}
{"level":"info","message":"send back search results to JTp0IKVixRs55BNSAAAB","timestamp":"2014-08-17T09:00:04.104Z"}
{"level":"info","message":"recived search","timestamp":"2014-08-17T09:00:14.792Z"}
{"level":"info","message":"track and artist provided","timestamp":"2014-08-17T09:00:14.793Z"}
{"level":"info","message":"making api call to lastfm","timestamp":"2014-08-17T09:00:14.793Z"}
{"level":"info","message":"recived search","timestamp":"2014-08-17T09:00:45.759Z"}
{"level":"info","message":"track and artist provided","timestamp":"2014-08-17T09:00:45.759Z"}
{"level":"info","message":"making api call to lastfm","timestamp":"2014-08-17T09:00:45.759Z"}
{"level":"info","message":"Express server listening on port 9100","timestamp":"2014-08-17T09:01:26.525Z"}
{"level":"info","message":"a user connected","timestamp":"2014-08-17T09:01:28.152Z"}
{"level":"info","message":"a user connected","timestamp":"2014-08-17T09:01:30.247Z"}
{"level":"info","message":"a user connected","timestamp":"2014-08-17T09:01:32.208Z"}
{"level":"info","message":"recived search","timestamp":"2014-08-17T09:01:39.403Z"}
{"level":"info","message":"track and artist provided","timestamp":"2014-08-17T09:01:39.403Z"}
{"level":"info","message":"making api call to lastfm","timestamp":"2014-08-17T09:01:39.404Z"}
{"level":"info","message":"send back search results to nxFeJp-H6ahjJLBtAAAC","timestamp":"2014-08-17T09:01:44.976Z"}
{"level":"info","message":"recived search","timestamp":"2014-08-17T09:01:50.393Z"}
{"level":"info","message":"track and artist provided","timestamp":"2014-08-17T09:01:50.393Z"}
{"level":"info","message":"making api call to lastfm","timestamp":"2014-08-17T09:01:50.394Z"}
{"level":"info","message":"send back search results to nxFeJp-H6ahjJLBtAAAC","timestamp":"2014-08-17T09:01:55.938Z"}
{"level":"info","message":"Express server listening on port 9100","timestamp":"2014-08-17T19:44:37.113Z"}
{"level":"info","message":"a user connected","timestamp":"2014-08-17T19:44:37.828Z"}
{"level":"info","message":"recived search","timestamp":"2014-08-17T19:44:45.092Z"}
{"level":"info","message":"track and artist provided","timestamp":"2014-08-17T19:44:45.093Z"}
{"level":"info","message":"making api call to lastfm","timestamp":"2014-08-17T19:44:45.094Z"}
{"level":"info","message":"send back search results to POPlIsHRaM5-T8_-AAAA","timestamp":"2014-08-17T19:44:50.708Z"}
{"level":"info","message":"a user connected","timestamp":"2014-08-17T19:46:05.328Z"}
{"level":"info","message":"recived search","timestamp":"2014-08-17T19:46:07.183Z"}
{"level":"info","message":"track and artist provided","timestamp":"2014-08-17T19:46:07.183Z"}
{"level":"info","message":"making api call to lastfm","timestamp":"2014-08-17T19:46:07.183Z"}
{"level":"info","message":"send back search results to MRNqP_AId-nqmcF8AAAB","timestamp":"2014-08-17T19:46:07.749Z"}
{"level":"info","message":"recived search","timestamp":"2014-08-17T19:46:14.248Z"}
{"level":"info","message":"track and artist provided","timestamp":"2014-08-17T19:46:14.248Z"}
{"level":"info","message":"making api call to lastfm","timestamp":"2014-08-17T19:46:14.248Z"}
{"level":"info","message":"send back search results to MRNqP_AId-nqmcF8AAAB","timestamp":"2014-08-17T19:46:19.758Z"}
{"level":"info","message":"recived search","timestamp":"2014-08-17T19:46:29.435Z"}
{"level":"info","message":"track and artist provided","timestamp":"2014-08-17T19:46:29.435Z"}
{"level":"info","message":"making api call to lastfm","timestamp":"2014-08-17T19:46:29.435Z"}
{"level":"info","message":"send back search results to MRNqP_AId-nqmcF8AAAB","timestamp":"2014-08-17T19:46:35.786Z"}
{"level":"info","message":"Express server listening on port 9100","timestamp":"2014-08-17T19:48:01.029Z"}
{"level":"info","message":"a user connected","timestamp":"2014-08-17T19:48:02.594Z"}
{"level":"info","message":"a user connected","timestamp":"2014-08-17T19:48:16.180Z"}
{"level":"info","message":"recived search","timestamp":"2014-08-17T19:48:20.463Z"}
{"level":"info","message":"track and artist provided","timestamp":"2014-08-17T19:48:20.463Z"}
{"level":"info","message":"making api call to lastfm","timestamp":"2014-08-17T19:48:20.464Z"}
{"level":"info","message":"send back search results to r12BRw2q-K89orvHAAAB","timestamp":"2014-08-17T19:48:25.962Z"}
{"level":"info","message":"will starting queueing undefined","timestamp":"2014-08-17T19:48:27.630Z"}
{"level":"info","message":"Express server listening on port 9100","timestamp":"2014-08-17T19:48:51.253Z"}
{"level":"info","message":"a user connected","timestamp":"2014-08-17T19:48:52.672Z"}
{"level":"info","message":"will starting queueing undefined","timestamp":"2014-08-17T19:48:54.069Z"}
{"level":"info","message":"a user connected","timestamp":"2014-08-17T19:49:27.332Z"}
{"level":"info","message":"recived search","timestamp":"2014-08-17T19:49:30.969Z"}
{"level":"info","message":"track and artist provided","timestamp":"2014-08-17T19:49:30.970Z"}
{"level":"info","message":"making api call to lastfm","timestamp":"2014-08-17T19:49:30.971Z"}
{"level":"info","message":"send back search results to dHNfqAm6J9aAC4IxAAAB","timestamp":"2014-08-17T19:49:36.613Z"}
{"level":"info","message":"recived search","timestamp":"2014-08-17T19:49:40.676Z"}
{"level":"info","message":"track and artist provided","timestamp":"2014-08-17T19:49:40.676Z"}
{"level":"info","message":"making api call to lastfm","timestamp":"2014-08-17T19:49:40.676Z"}
{"level":"info","message":"send back search results to dHNfqAm6J9aAC4IxAAAB","timestamp":"2014-08-17T19:49:46.040Z"}
{"level":"info","message":"will starting queueing undefined","timestamp":"2014-08-17T19:49:47.319Z"}
{"level":"info","message":"a user connected","timestamp":"2014-08-17T19:49:58.141Z"}
{"level":"info","message":"recived search","timestamp":"2014-08-17T19:49:59.951Z"}
{"level":"info","message":"track and artist provided","timestamp":"2014-08-17T19:49:59.952Z"}
{"level":"info","message":"making api call to lastfm","timestamp":"2014-08-17T19:49:59.952Z"}
{"level":"info","message":"send back search results to h7Wdl3bIAJJE7KIDAAAC","timestamp":"2014-08-17T19:50:05.704Z"}
{"level":"info","message":"will starting queueing undefined","timestamp":"2014-08-17T19:50:07.787Z"}
{"level":"info","message":"Express server listening on port 9100","timestamp":"2014-08-17T19:51:34.102Z"}
{"level":"info","message":"a user connected","timestamp":"2014-08-17T19:51:35.730Z"}
{"level":"info","message":"Express server listening on port 9100","timestamp":"2014-08-17T19:51:53.839Z"}
{"level":"info","message":"a user connected","timestamp":"2014-08-17T19:51:55.488Z"}
{"level":"info","message":"a user connected","timestamp":"2014-08-17T19:52:02.277Z"}
{"level":"info","message":"recived search","timestamp":"2014-08-17T19:52:05.538Z"}
{"level":"info","message":"track and artist provided","timestamp":"2014-08-17T19:52:05.538Z"}
{"level":"info","message":"making api call to lastfm","timestamp":"2014-08-17T19:52:05.539Z"}
{"level":"info","message":"send back search results to PTVwbRmqoeyU0n-zAAAB","timestamp":"2014-08-17T19:52:10.901Z"}
{"level":"info","message":"will starting queueing 11:11 p.m.","timestamp":"2014-08-17T19:52:11.774Z"}
{"level":"info","message":"Express server listening on port 9100","timestamp":"2014-08-17T19:52:21.148Z"}
{"level":"info","message":"a user connected","timestamp":"2014-08-17T19:52:22.737Z"}
{"level":"info","message":"will starting queueing 11:11 p.m.","timestamp":"2014-08-17T19:52:23.592Z"}
{"level":"info","message":"Express server listening on port 9100","timestamp":"2014-08-17T20:06:42.572Z"}
{"level":"info","message":"a user connected","timestamp":"2014-08-17T20:06:44.518Z"}
{"level":"info","message":"recived search","timestamp":"2014-08-17T20:06:46.383Z"}
{"level":"info","message":"track and artist provided","timestamp":"2014-08-17T20:06:46.384Z"}
{"level":"info","message":"making api call to lastfm","timestamp":"2014-08-17T20:06:46.385Z"}
{"level":"info","message":"send back search results to pcZ_splMZgfgWEFIAAAA","timestamp":"2014-08-17T20:06:51.755Z"}
{"level":"info","message":"will starting queueing 11:11 p.m.","timestamp":"2014-08-17T20:06:53.273Z"}
{"level":"info","message":"Express server listening on port 9100","timestamp":"2014-08-17T20:07:06.032Z"}
{"level":"info","message":"a user connected","timestamp":"2014-08-17T20:07:09.848Z"}
{"level":"info","message":"will starting queueing 11:11 p.m.","timestamp":"2014-08-17T20:07:09.868Z"}
{"level":"info","message":"will starting queueing 11:11 p.m.","timestamp":"2014-08-17T20:15:17.993Z"}
{"level":"info","message":"Express server listening on port 9100","timestamp":"2014-08-17T20:17:11.789Z"}
{"level":"info","message":"a user connected","timestamp":"2014-08-17T20:17:14.335Z"}
{"level":"info","message":"will starting queueing 11:11 p.m.","timestamp":"2014-08-17T20:17:14.791Z"}
{"level":"info","message":"recived search","timestamp":"2014-08-17T20:18:26.845Z"}
{"level":"info","message":"track and artist provided","timestamp":"2014-08-17T20:18:26.845Z"}
{"level":"info","message":"making api call to lastfm","timestamp":"2014-08-17T20:18:26.846Z"}
{"level":"info","message":"send back search results to xSgrS1U0L5IiYPetAAAA","timestamp":"2014-08-17T20:18:36.189Z"}
{"level":"info","message":"will starting queueing 11:11","timestamp":"2014-08-17T20:18:41.555Z"}
{"level":"info","message":"will starting queueing 11:11 (Acoustic)","timestamp":"2014-08-17T20:19:03.021Z"}
{"level":"info","message":"Express server listening on port 9100","timestamp":"2014-08-17T20:19:41.419Z"}
{"level":"info","message":"a user connected","timestamp":"2014-08-17T20:19:42.567Z"}
{"level":"info","message":"will starting queueing 11:11 (Acoustic) - Arkells","timestamp":"2014-08-17T20:19:47.199Z"}
{"level":"info","message":"recived search","timestamp":"2014-08-17T20:20:43.882Z"}
{"level":"info","message":"track and artist provided","timestamp":"2014-08-17T20:20:43.882Z"}
{"level":"info","message":"making api call to lastfm","timestamp":"2014-08-17T20:20:43.882Z"}
{"level":"info","message":"send back search results to 6z_xbzMLMAqsOtLHAAAA","timestamp":"2014-08-17T20:20:49.435Z"}
{"level":"info","message":"will starting queueing Ultraviolence - Lana Del Rey","timestamp":"2014-08-17T20:20:50.686Z"}
{"level":"info","message":"Express server listening on port 9100","timestamp":"2014-08-17T20:24:16.578Z"}
{"level":"info","message":"a user connected","timestamp":"2014-08-17T20:24:17.947Z"}
{"level":"info","message":"will starting queueing Ultraviolence - Lana Del Rey","timestamp":"2014-08-17T20:24:18.399Z"}
{"level":"info","message":"Express server listening on port 9100","timestamp":"2014-08-18T01:14:03.891Z"}
{"level":"info","message":"a user connected","timestamp":"2014-08-18T01:14:06.652Z"}
{"level":"info","message":"Express server listening on port 9100","timestamp":"2014-08-18T08:20:33.812Z"}
{"level":"info","message":"a user connected","timestamp":"2014-08-18T08:20:45.903Z"}
{"level":"info","message":"a user connected","timestamp":"2014-08-18T08:23:59.749Z"}
{"level":"info","message":"a user connected","timestamp":"2014-08-18T08:25:49.441Z"}
{"level":"info","message":"a user connected","timestamp":"2014-08-18T08:25:53.661Z"}
{"level":"info","message":"a user connected","timestamp":"2014-08-18T08:25:54.097Z"}
{"level":"info","message":"a user connected","timestamp":"2014-08-18T08:25:54.275Z"}
{"level":"info","message":"a user connected","timestamp":"2014-08-18T08:25:54.454Z"}
{"level":"info","message":"a user connected","timestamp":"2014-08-18T08:25:54.623Z"}
{"level":"info","message":"a user connected","timestamp":"2014-08-18T08:25:54.793Z"}
{"level":"info","message":"a user connected","timestamp":"2014-08-18T08:27:57.708Z"}
{"level":"info","message":"a user connected","timestamp":"2014-08-18T08:28:24.891Z"}
{"level":"info","message":"a user connected","timestamp":"2014-08-18T08:30:25.283Z"}
{"level":"info","message":"a user connected","timestamp":"2014-08-18T08:30:32.667Z"}
{"level":"info","message":"a user connected","timestamp":"2014-08-18T08:30:40.245Z"}
{"level":"info","message":"a user connected","timestamp":"2014-08-18T08:32:25.998Z"}
{"level":"info","message":"a user connected","timestamp":"2014-08-18T08:32:39.764Z"}
{"level":"info","message":"a user connected","timestamp":"2014-08-18T08:32:45.155Z"}
{"level":"info","message":"a user connected","timestamp":"2014-08-18T08:33:00.071Z"}
{"level":"info","message":"a user connected","timestamp":"2014-08-18T08:33:49.090Z"}
{"level":"info","message":"Express server listening on port 9100","timestamp":"2014-08-18T08:34:48.084Z"}
{"level":"info","message":"a user connected","timestamp":"2014-08-18T08:34:50.687Z"}
{"level":"info","message":"Express server listening on port 9100","timestamp":"2014-08-19T07:10:35.156Z"}
{"level":"info","message":"a user connected","timestamp":"2014-08-19T07:10:41.767Z"}
{"level":"info","message":"a user connected","timestamp":"2014-08-19T08:06:57.039Z"}
{"level":"info","message":"a user connected","timestamp":"2014-08-19T08:22:21.998Z"}
{"level":"info","message":"a user connected","timestamp":"2014-08-19T08:22:29.679Z"}
{"level":"info","message":"a user connected","timestamp":"2014-08-19T08:24:15.150Z"}
{"level":"info","message":"a user connected","timestamp":"2014-08-19T08:24:30.630Z"}
{"level":"info","message":"a user connected","timestamp":"2014-08-19T08:25:12.076Z"}
{"level":"info","message":"a user connected","timestamp":"2014-08-19T08:25:28.289Z"}
{"level":"info","message":"a user connected","timestamp":"2014-08-19T08:31:51.013Z"}
{"level":"info","message":"a user connected","timestamp":"2014-08-19T08:33:23.485Z"}
{"level":"info","message":"a user connected","timestamp":"2014-08-19T08:34:33.814Z"}
{"level":"info","message":"a user connected","timestamp":"2014-08-19T08:35:05.422Z"}
{"level":"info","message":"a user connected","timestamp":"2014-08-19T08:35:56.517Z"}
{"level":"info","message":"a user connected","timestamp":"2014-08-19T08:36:38.216Z"}
{"level":"info","message":"a user connected","timestamp":"2014-08-19T08:36:52.720Z"}
{"level":"info","message":"a user connected","timestamp":"2014-08-19T08:38:04.297Z"}
{"level":"info","message":"a user connected","timestamp":"2014-08-19T08:38:32.621Z"}
{"level":"info","message":"a user connected","timestamp":"2014-08-19T08:39:09.277Z"}
{"level":"info","message":"a user connected","timestamp":"2014-08-19T08:39:33.652Z"}
{"level":"info","message":"a user connected","timestamp":"2014-08-19T08:39:55.008Z"}
{"level":"info","message":"a user connected","timestamp":"2014-08-19T08:40:06.243Z"}
{"level":"info","message":"a user connected","timestamp":"2014-08-19T08:41:00.813Z"}
{"level":"info","message":"a user connected","timestamp":"2014-08-19T08:41:14.465Z"}
{"level":"info","message":"a user connected","timestamp":"2014-08-19T08:42:04.649Z"}
{"level":"info","message":"a user connected","timestamp":"2014-08-19T08:43:01.433Z"}
{"level":"info","message":"a user connected","timestamp":"2014-08-19T08:44:13.368Z"}
{"level":"info","message":"a user connected","timestamp":"2014-08-19T08:44:58.463Z"}
{"level":"info","message":"a user connected","timestamp":"2014-08-19T08:45:26.722Z"}
{"level":"info","message":"a user connected","timestamp":"2014-08-19T08:45:40.478Z"}
{"level":"info","message":"a user connected","timestamp":"2014-08-19T08:45:49.402Z"}
{"level":"info","message":"a user connected","timestamp":"2014-08-19T08:46:34.942Z"}
{"level":"info","message":"a user connected","timestamp":"2014-08-19T08:47:25.525Z"}
{"level":"info","message":"a user connected","timestamp":"2014-08-19T08:48:02.934Z"}
{"level":"info","message":"a user connected","timestamp":"2014-08-19T08:49:03.442Z"}
{"level":"info","message":"a user connected","timestamp":"2014-08-19T08:49:24.841Z"}
{"level":"info","message":"a user connected","timestamp":"2014-08-19T08:50:00.962Z"}
{"level":"info","message":"a user connected","timestamp":"2014-08-19T08:50:08.302Z"}
{"level":"info","message":"a user connected","timestamp":"2014-08-19T08:51:18.332Z"}
{"level":"info","message":"a user connected","timestamp":"2014-08-19T08:51:45.297Z"}
{"level":"info","message":"a user connected","timestamp":"2014-08-19T08:52:21.477Z"}
{"level":"info","message":"a user connected","timestamp":"2014-08-19T08:52:30.109Z"}
{"level":"info","message":"a user connected","timestamp":"2014-08-19T08:54:14.024Z"}
{"level":"info","message":"a user connected","timestamp":"2014-08-19T08:55:29.677Z"}
{"level":"info","message":"a user connected","timestamp":"2014-08-19T08:56:34.184Z"}
{"level":"info","message":"a user connected","timestamp":"2014-08-19T08:56:40.983Z"}
{"level":"info","message":"a user connected","timestamp":"2014-08-19T08:58:09.533Z"}
{"level":"info","message":"a user connected","timestamp":"2014-08-19T08:59:10.215Z"}
{"level":"info","message":"a user connected","timestamp":"2014-08-19T08:59:28.208Z"}
{"level":"info","message":"a user connected","timestamp":"2014-08-19T09:00:15.683Z"}
{"level":"info","message":"a user connected","timestamp":"2014-08-19T09:00:43.449Z"}
{"level":"info","message":"a user connected","timestamp":"2014-08-19T09:01:43.113Z"}
{"level":"info","message":"a user connected","timestamp":"2014-08-19T09:02:08.852Z"}
{"level":"info","message":"a user connected","timestamp":"2014-08-19T09:02:28.310Z"}
{"level":"info","message":"a user connected","timestamp":"2014-08-19T09:02:32.015Z"}
{"level":"info","message":"a user connected","timestamp":"2014-08-19T09:03:15.099Z"}
{"level":"info","message":"a user connected","timestamp":"2014-08-19T09:05:37.012Z"}
{"level":"info","message":"a user connected","timestamp":"2014-08-19T09:08:32.390Z"}
{"level":"info","message":"a user connected","timestamp":"2014-08-19T09:08:56.175Z"}
{"level":"info","message":"a user connected","timestamp":"2014-08-19T09:09:00.294Z"}
{"level":"info","message":"a user connected","timestamp":"2014-08-19T09:09:58.870Z"}
{"level":"info","message":"a user connected","timestamp":"2014-08-19T09:11:10.574Z"}
{"level":"info","message":"a user connected","timestamp":"2014-08-19T09:11:24.868Z"}
{"level":"info","message":"a user connected","timestamp":"2014-08-19T09:11:40.870Z"}
{"level":"info","message":"a user connected","timestamp":"2014-08-19T09:12:32.589Z"}
{"level":"info","message":"a user connected","timestamp":"2014-08-19T09:12:45.823Z"}
{"level":"info","message":"a user connected","timestamp":"2014-08-19T09:13:00.965Z"}
{"level":"info","message":"a user connected","timestamp":"2014-08-19T09:13:32.956Z"}
{"level":"info","message":"a user connected","timestamp":"2014-08-19T09:14:12.441Z"}
{"level":"info","message":"a user connected","timestamp":"2014-08-19T09:15:10.156Z"}
{"level":"info","message":"a user connected","timestamp":"2014-08-19T09:15:13.869Z"}
{"level":"info","message":"a user connected","timestamp":"2014-08-19T09:15:40.821Z"}
{"level":"info","message":"a user connected","timestamp":"2014-08-19T09:16:03.584Z"}
{"level":"info","message":"a user connected","timestamp":"2014-08-19T09:16:10.341Z"}
{"level":"info","message":"a user connected","timestamp":"2014-08-19T09:21:05.428Z"}
{"level":"info","message":"a user connected","timestamp":"2014-08-19T09:21:39.635Z"}
{"level":"info","message":"a user connected","timestamp":"2014-08-19T09:21:48.070Z"}
{"level":"info","message":"Express server listening on port 9100","timestamp":"2014-08-20T04:21:35.996Z"}
{"level":"info","message":"a user connected","timestamp":"2014-08-20T04:21:36.019Z"}
{"level":"info","message":"a user connected","timestamp":"2014-08-20T04:21:37.524Z"}
{"level":"info","message":"Express server listening on port 9100","timestamp":"2014-08-20T04:38:02.579Z"}
{"level":"info","message":"a user connected","timestamp":"2014-08-20T04:39:22.124Z"}
{"level":"info","message":"a user connected","timestamp":"2014-08-20T04:39:57.800Z"}
{"level":"info","message":"a user connected","timestamp":"2014-08-20T04:41:24.834Z"}
{"level":"info","message":"a user connected","timestamp":"2014-08-20T04:41:37.534Z"}
{"level":"info","message":"a user connected","timestamp":"2014-08-20T04:41:54.384Z"}
{"level":"info","message":"a user connected","timestamp":"2014-08-20T04:41:57.560Z"}
{"level":"info","message":"a user connected","timestamp":"2014-08-20T04:42:01.337Z"}
{"level":"info","message":"a user connected","timestamp":"2014-08-20T04:42:57.474Z"}
{"level":"info","message":"a user connected","timestamp":"2014-08-20T04:46:27.716Z"}
{"level":"info","message":"a user connected","timestamp":"2014-08-20T04:46:33.582Z"}
{"level":"info","message":"a user connected","timestamp":"2014-08-20T04:48:31.185Z"}
{"level":"info","message":"a user connected","timestamp":"2014-08-20T06:17:23.322Z"}
{"level":"info","message":"a user connected","timestamp":"2014-08-20T06:28:17.625Z"}
{"level":"info","message":"a user connected","timestamp":"2014-08-20T06:28:56.518Z"}
{"level":"info","message":"a user connected","timestamp":"2014-08-20T06:30:43.402Z"}
{"level":"info","message":"a user connected","timestamp":"2014-08-20T06:32:27.982Z"}
{"level":"info","message":"a user connected","timestamp":"2014-08-20T06:32:38.878Z"}
{"level":"info","message":"a user connected","timestamp":"2014-08-20T06:34:49.627Z"}
{"level":"info","message":"a user connected","timestamp":"2014-08-20T06:34:54.181Z"}
{"level":"info","message":"a user connected","timestamp":"2014-08-20T06:35:36.005Z"}
{"level":"info","message":"a user connected","timestamp":"2014-08-20T06:35:45.122Z"}
{"level":"info","message":"a user connected","timestamp":"2014-08-20T06:36:13.910Z"}
{"level":"info","message":"a user connected","timestamp":"2014-08-20T06:36:38.447Z"}
{"level":"info","message":"a user connected","timestamp":"2014-08-20T06:41:41.550Z"}
{"level":"info","message":"a user connected","timestamp":"2014-08-20T06:41:49.648Z"}
{"level":"info","message":"a user connected","timestamp":"2014-08-20T06:42:55.750Z"}
{"level":"info","message":"a user connected","timestamp":"2014-08-20T06:43:23.124Z"}
{"level":"info","message":"a user connected","timestamp":"2014-08-20T06:43:34.993Z"}
{"level":"info","message":"a user connected","timestamp":"2014-08-20T06:46:14.647Z"}
{"level":"info","message":"a user connected","timestamp":"2014-08-20T06:46:29.368Z"}
{"level":"info","message":"a user connected","timestamp":"2014-08-20T06:48:11.286Z"}
{"level":"info","message":"a user connected","timestamp":"2014-08-20T06:48:20.724Z"}
{"level":"info","message":"a user connected","timestamp":"2014-08-20T06:49:04.468Z"}
{"level":"info","message":"a user connected","timestamp":"2014-08-20T06:49:39.037Z"}
{"level":"info","message":"a user connected","timestamp":"2014-08-20T06:50:01.345Z"}
{"level":"info","message":"a user connected","timestamp":"2014-08-20T06:51:05.255Z"}
{"level":"info","message":"a user connected","timestamp":"2014-08-20T06:52:07.703Z"}
{"level":"info","message":"a user connected","timestamp":"2014-08-20T06:52:14.794Z"}
{"level":"info","message":"a user connected","timestamp":"2014-08-20T06:52:24.674Z"}
{"level":"info","message":"a user connected","timestamp":"2014-08-20T06:52:43.258Z"}
{"level":"info","message":"a user connected","timestamp":"2014-08-20T06:54:06.734Z"}
{"level":"info","message":"a user connected","timestamp":"2014-08-20T06:54:27.936Z"}
{"level":"info","message":"a user connected","timestamp":"2014-08-20T06:58:51.279Z"}
{"level":"info","message":"a user connected","timestamp":"2014-08-20T06:59:09.688Z"}
{"level":"info","message":"a user connected","timestamp":"2014-08-20T07:00:50.367Z"}
{"level":"info","message":"a user connected","timestamp":"2014-08-20T07:01:01.837Z"}
{"level":"info","message":"a user connected","timestamp":"2014-08-20T07:02:13.188Z"}
{"level":"info","message":"a user connected","timestamp":"2014-08-20T07:02:28.923Z"}
{"level":"info","message":"a user connected","timestamp":"2014-08-20T07:03:54.161Z"}
{"level":"info","message":"a user connected","timestamp":"2014-08-20T07:04:40.498Z"}
{"level":"info","message":"a user connected","timestamp":"2014-08-20T07:08:18.962Z"}
{"level":"info","message":"a user connected","timestamp":"2014-08-20T07:09:21.553Z"}
{"level":"info","message":"a user connected","timestamp":"2014-08-20T07:09:49.903Z"}
{"level":"info","message":"a user connected","timestamp":"2014-08-20T07:10:11.769Z"}
{"level":"info","message":"a user connected","timestamp":"2014-08-20T07:10:45.727Z"}
{"level":"info","message":"a user connected","timestamp":"2014-08-20T07:11:41.515Z"}
{"level":"info","message":"a user connected","timestamp":"2014-08-20T07:12:17.733Z"}
{"level":"info","message":"a user connected","timestamp":"2014-08-20T07:13:50.331Z"}
{"level":"info","message":"a user connected","timestamp":"2014-08-20T07:14:27.785Z"}
{"level":"info","message":"a user connected","timestamp":"2014-08-20T07:16:08.920Z"}
{"level":"info","message":"a user connected","timestamp":"2014-08-20T07:17:06.491Z"}
{"level":"info","message":"a user connected","timestamp":"2014-08-20T07:17:28.361Z"}
{"level":"info","message":"a user connected","timestamp":"2014-08-20T07:18:30.940Z"}
{"level":"info","message":"a user connected","timestamp":"2014-08-20T07:19:36.149Z"}
{"level":"info","message":"a user connected","timestamp":"2014-08-20T07:19:49.251Z"}
{"level":"info","message":"a user connected","timestamp":"2014-08-20T07:20:05.680Z"}
{"level":"info","message":"a user connected","timestamp":"2014-08-20T07:20:23.194Z"}
{"level":"info","message":"a user connected","timestamp":"2014-08-20T07:20:33.682Z"}
{"level":"info","message":"a user connected","timestamp":"2014-08-20T07:21:04.180Z"}
{"level":"info","message":"a user connected","timestamp":"2014-08-20T07:22:06.612Z"}
{"level":"info","message":"a user connected","timestamp":"2014-08-20T07:23:47.758Z"}
{"level":"info","message":"a user connected","timestamp":"2014-08-20T07:25:27.836Z"}
{"level":"info","message":"a user connected","timestamp":"2014-08-20T07:26:18.054Z"}
{"level":"info","message":"a user connected","timestamp":"2014-08-20T07:26:28.093Z"}
{"level":"info","message":"a user connected","timestamp":"2014-08-20T07:26:33.151Z"}
{"level":"info","message":"a user connected","timestamp":"2014-08-20T07:29:09.730Z"}
{"level":"info","message":"a user connected","timestamp":"2014-08-20T07:29:32.671Z"}
{"level":"info","message":"a user connected","timestamp":"2014-08-20T08:04:35.844Z"}
{"level":"info","message":"a user connected","timestamp":"2014-08-20T08:05:04.946Z"}
{"level":"info","message":"a user connected","timestamp":"2014-08-20T08:05:42.840Z"}
{"level":"info","message":"a user connected","timestamp":"2014-08-20T08:06:30.843Z"}
{"level":"info","message":"a user connected","timestamp":"2014-08-20T08:06:37.857Z"}
{"level":"info","message":"a user connected","timestamp":"2014-08-20T08:12:52.160Z"}
{"level":"info","message":"a user connected","timestamp":"2014-08-20T08:13:11.071Z"}
{"level":"info","message":"a user connected","timestamp":"2014-08-20T08:13:33.715Z"}
{"level":"info","message":"a user connected","timestamp":"2014-08-20T08:13:47.922Z"}
{"level":"info","message":"a user connected","timestamp":"2014-08-20T08:14:30.787Z"}
{"level":"info","message":"a user connected","timestamp":"2014-08-20T08:14:39.825Z"}
{"level":"info","message":"a user connected","timestamp":"2014-08-20T08:14:44.046Z"}
{"level":"info","message":"a user connected","timestamp":"2014-08-20T08:15:27.807Z"}
{"level":"info","message":"a user connected","timestamp":"2014-08-20T08:17:00.579Z"}
{"level":"info","message":"a user connected","timestamp":"2014-08-20T08:17:16.999Z"}
{"level":"info","message":"a user connected","timestamp":"2014-08-20T08:21:27.519Z"}
{"level":"info","message":"a user connected","timestamp":"2014-08-20T08:21:37.930Z"}
{"level":"info","message":"a user connected","timestamp":"2014-08-20T08:22:46.861Z"}
{"level":"info","message":"a user connected","timestamp":"2014-08-20T08:23:01.576Z"}
{"level":"info","message":"a user connected","timestamp":"2014-08-20T08:23:23.898Z"}
{"level":"info","message":"a user connected","timestamp":"2014-08-20T08:23:45.404Z"}
{"level":"info","message":"Express server listening on port 9100","timestamp":"2014-08-20T08:25:34.907Z"}
{"level":"info","message":"a user connected","timestamp":"2014-08-20T08:25:37.030Z"}
{"level":"info","message":"a user connected","timestamp":"2014-08-20T08:25:38.829Z"}
{"level":"info","message":"a user connected","timestamp":"2014-08-20T08:26:05.061Z"}
{"level":"info","message":"a user connected","timestamp":"2014-08-20T08:26:19.026Z"}
{"level":"info","message":"Express server listening on port 9100","timestamp":"2014-08-20T08:26:35.465Z"}
{"level":"info","message":"a user connected","timestamp":"2014-08-20T08:26:39.246Z"}
{"level":"info","message":"a user connected","timestamp":"2014-08-20T08:27:15.093Z"}
{"level":"info","message":"a user connected","timestamp":"2014-08-20T08:27:48.423Z"}
{"level":"info","message":"a user connected","timestamp":"2014-08-20T08:28:44.887Z"}
{"level":"info","message":"a user connected","timestamp":"2014-08-20T08:28:48.557Z"}
{"level":"info","message":"a user connected","timestamp":"2014-08-20T08:30:05.791Z"}
{"level":"info","message":"a user connected","timestamp":"2014-08-20T08:30:51.992Z"}
{"level":"info","message":"a user connected","timestamp":"2014-08-20T08:37:22.856Z"}
{"level":"info","message":"a user connected","timestamp":"2014-08-20T08:38:49.917Z"}
{"level":"info","message":"a user connected","timestamp":"2014-08-20T08:50:32.506Z"}
{"level":"info","message":"a user connected","timestamp":"2014-08-20T08:51:08.335Z"}
{"level":"info","message":"Express server listening on port 9100","timestamp":"2014-08-20T08:51:16.929Z"}
{"level":"info","message":"a user connected","timestamp":"2014-08-20T08:51:17.870Z"}
{"level":"info","message":"a user connected","timestamp":"2014-08-20T08:51:19.063Z"}
{"level":"info","message":"a user connected","timestamp":"2014-08-20T08:51:46.447Z"}
{"level":"info","message":"a user connected","timestamp":"2014-08-20T08:52:58.035Z"}
{"level":"info","message":"a user connected","timestamp":"2014-08-20T08:53:32.961Z"}
{"level":"info","message":"a user connected","timestamp":"2014-08-20T08:53:35.464Z"}
{"level":"info","message":"a user connected","timestamp":"2014-08-20T08:54:11.053Z"}
{"level":"info","message":"Express server listening on port 9100","timestamp":"2014-08-20T08:54:18.684Z"}
{"level":"info","message":"a user connected","timestamp":"2014-08-20T08:54:20.474Z"}
{"level":"info","message":"a user connected","timestamp":"2014-08-20T08:54:41.958Z"}
{"level":"info","message":"a user connected","timestamp":"2014-08-20T08:55:05.915Z"}
{"level":"info","message":"a user connected","timestamp":"2014-08-20T08:55:31.842Z"}
{"level":"info","message":"a user connected","timestamp":"2014-08-20T08:56:08.459Z"}
{"level":"info","message":"a user connected","timestamp":"2014-08-20T08:56:38.074Z"}
{"level":"info","message":"a user connected","timestamp":"2014-08-20T08:57:22.764Z"}
{"level":"info","message":"a user connected","timestamp":"2014-08-20T08:59:53.834Z"}
{"level":"info","message":"a user connected","timestamp":"2014-08-20T09:04:09.668Z"}
{"level":"info","message":"a user connected","timestamp":"2014-08-20T09:04:49.866Z"}
{"level":"info","message":"a user connected","timestamp":"2014-08-20T09:04:59.387Z"}
{"level":"info","message":"a user connected","timestamp":"2014-08-20T09:05:17.568Z"}
{"level":"info","message":"Express server listening on port 9100","timestamp":"2014-08-20T09:06:13.152Z"}
{"level":"info","message":"a user connected","timestamp":"2014-08-20T09:06:14.756Z"}
{"level":"info","message":"a user connected","timestamp":"2014-08-20T09:07:03.140Z"}
{"level":"info","message":"a user connected","timestamp":"2014-08-20T09:07:16.344Z"}
{"level":"info","message":"a user connected","timestamp":"2014-08-20T09:07:57.892Z"}
{"level":"info","message":"a user connected","timestamp":"2014-08-20T09:09:05.248Z"}
{"level":"info","message":"a user connected","timestamp":"2014-08-20T09:11:04.520Z"}
{"level":"info","message":"a user connected","timestamp":"2014-08-20T09:12:16.399Z"}
{"level":"info","message":"a user connected","timestamp":"2014-08-20T09:13:48.989Z"}
{"level":"info","message":"a user connected","timestamp":"2014-08-20T09:14:26.805Z"}
